This file contains any messages produced by compilers while
running configure, to aid debugging if configure makes a mistake.

It was created by OpenJDK configure jdk8, which was
generated by GNU Autoconf 2.69.  Invocation command line was

  $ /home/cgmin/20210420/jdk8u/configure --enable-option-checking=fatal

## --------- ##
## Platform. ##
## --------- ##

hostname = infi19
uname -m = x86_64
uname -r = 4.4.0-190-generic
uname -s = Linux
uname -v = #220-Ubuntu SMP Fri Aug 28 23:02:15 UTC 2020

/usr/bin/uname -p = unknown
/bin/uname -X     = unknown

/bin/arch              = unknown
/usr/bin/arch -k       = unknown
/usr/convex/getsysinfo = unknown
/usr/bin/hostinfo      = unknown
/bin/machine           = unknown
/usr/bin/oslevel       = unknown
/bin/universe          = unknown

PATH: /usr/local/sbin
PATH: /usr/local/bin
PATH: /usr/sbin
PATH: /usr/bin
PATH: /sbin
PATH: /bin
PATH: /snap/bin


## ----------- ##
## Core tests. ##
## ----------- ##

configure:4432: Configuration created at Tue Apr 20 16:45:16 KST 2021.
configure:4434: configure script generated at timestamp 1591143270.
configure:4457: checking for basename
configure:4475: found /usr/bin/basename
configure:4487: result: /usr/bin/basename
configure:4708: checking for bash
configure:4738: result: /bin/bash
configure:4843: checking for cat
configure:4861: found /bin/cat
configure:4873: result: /bin/cat
configure:5036: checking for chmod
configure:5054: found /bin/chmod
configure:5066: result: /bin/chmod
configure:5229: checking for cmp
configure:5247: found /usr/bin/cmp
configure:5259: result: /usr/bin/cmp
configure:5422: checking for comm
configure:5440: found /usr/bin/comm
configure:5452: result: /usr/bin/comm
configure:5615: checking for cp
configure:5633: found /bin/cp
configure:5645: result: /bin/cp
configure:5808: checking for cut
configure:5826: found /usr/bin/cut
configure:5838: result: /usr/bin/cut
configure:6001: checking for date
configure:6019: found /bin/date
configure:6031: result: /bin/date
configure:6194: checking for gdiff
configure:6227: result: no
configure:6194: checking for diff
configure:6212: found /usr/bin/diff
configure:6224: result: /usr/bin/diff
configure:6387: checking for dirname
configure:6405: found /usr/bin/dirname
configure:6417: result: /usr/bin/dirname
configure:6580: checking for echo
configure:6598: found /bin/echo
configure:6610: result: /bin/echo
configure:6773: checking for expr
configure:6791: found /usr/bin/expr
configure:6803: result: /usr/bin/expr
configure:6966: checking for file
configure:6984: found /usr/bin/file
configure:6996: result: /usr/bin/file
configure:7159: checking for find
configure:7177: found /usr/bin/find
configure:7189: result: /usr/bin/find
configure:7352: checking for head
configure:7370: found /usr/bin/head
configure:7382: result: /usr/bin/head
configure:7545: checking for ln
configure:7563: found /bin/ln
configure:7575: result: /bin/ln
configure:7738: checking for ls
configure:7756: found /bin/ls
configure:7768: result: /bin/ls
configure:7931: checking for mkdir
configure:7949: found /bin/mkdir
configure:7961: result: /bin/mkdir
configure:8124: checking for mktemp
configure:8142: found /bin/mktemp
configure:8154: result: /bin/mktemp
configure:8317: checking for mv
configure:8335: found /bin/mv
configure:8347: result: /bin/mv
configure:8510: checking for nawk
configure:8528: found /usr/bin/nawk
configure:8540: result: /usr/bin/nawk
configure:8703: checking for printf
configure:8721: found /usr/bin/printf
configure:8733: result: /usr/bin/printf
configure:8896: checking for rm
configure:8914: found /bin/rm
configure:8926: result: /bin/rm
configure:9089: checking for sh
configure:9107: found /bin/sh
configure:9119: result: /bin/sh
configure:9282: checking for sort
configure:9300: found /usr/bin/sort
configure:9312: result: /usr/bin/sort
configure:9475: checking for tail
configure:9493: found /usr/bin/tail
configure:9505: result: /usr/bin/tail
configure:9668: checking for tar
configure:9686: found /bin/tar
configure:9698: result: /bin/tar
configure:9861: checking for tee
configure:9879: found /usr/bin/tee
configure:9891: result: /usr/bin/tee
configure:10054: checking for touch
configure:10072: found /usr/bin/touch
configure:10084: result: /usr/bin/touch
configure:10247: checking for tr
configure:10265: found /usr/bin/tr
configure:10277: result: /usr/bin/tr
configure:10440: checking for uname
configure:10458: found /bin/uname
configure:10470: result: /bin/uname
configure:10633: checking for uniq
configure:10651: found /usr/bin/uniq
configure:10663: result: /usr/bin/uniq
configure:10826: checking for wc
configure:10844: found /usr/bin/wc
configure:10856: result: /usr/bin/wc
configure:11019: checking for which
configure:11037: found /usr/bin/which
configure:11049: result: /usr/bin/which
configure:11212: checking for xargs
configure:11230: found /usr/bin/xargs
configure:11242: result: /usr/bin/xargs
configure:11406: checking for gawk
configure:11422: found /usr/bin/gawk
configure:11433: result: gawk
configure:11587: checking for grep that handles long lines and -e
configure:11645: result: /bin/grep
configure:11814: checking for egrep
configure:11876: result: /bin/grep -E
configure:12049: checking for fgrep
configure:12111: result: /bin/grep -F
configure:12284: checking for a sed that does not truncate output
configure:12348: result: /bin/sed
configure:12536: checking for cygpath
configure:12569: result: no
configure:12722: checking for greadlink
configure:12755: result: no
configure:12722: checking for readlink
configure:12740: found /bin/readlink
configure:12752: result: /bin/readlink
configure:12908: checking for df
configure:12926: found /bin/df
configure:12938: result: /bin/df
configure:13094: checking for SetFile
configure:13127: result: no
configure:13280: checking for cpio
configure:13298: found /bin/cpio
configure:13310: result: /bin/cpio
configure:13463: checking build system type
configure:13477: result: x86_64-unknown-linux-gnu
configure:13497: checking host system type
configure:13510: result: x86_64-unknown-linux-gnu
configure:13530: checking target system type
configure:13543: result: x86_64-unknown-linux-gnu
configure:13722: checking openjdk-build os-cpu
configure:13724: result: linux-x86_64
configure:13860: checking openjdk-target os-cpu
configure:13862: result: linux-x86_64
configure:13912: checking compilation type
configure:13914: result: native
configure:14167: checking for top-level directory
configure:14169: result: /home/cgmin/20210420/jdk8u
configure:14444: checking for presence of closed sources
configure:14451: result: no
configure:14454: checking if closed source is suppressed (openjdk-only)
configure:14457: result: no
configure:14494: checking which variant of the JDK to build
configure:14511: result: normal
configure:14521: checking which interpreter of the JVM to build
configure:14542: result: template
configure:14559: checking which variants of the JVM to build
configure:14578: result: server
configure:14653: checking which debug level to use
configure:14677: result: release
configure:15123: checking for sysroot
configure:15125: result: 
configure:15127: checking for toolchain path
configure:15129: result: 
configure:15131: checking for extra path
configure:15133: result: 
configure:15149: checking where to store configuration
configure:15178: result: in current directory
configure:15215: checking what configuration name to use
configure:15217: result: linux-x86_64-normal-server-release
configure:15381: checking for apt-get
configure:15397: found /usr/bin/apt-get
configure:15408: result: apt-get
configure:15762: checking for gmake
configure:15795: result: no
configure:16132: checking for make
configure:16150: found /usr/local/bin/make
configure:16162: result: /usr/local/bin/make
configure:16177: Testing potential make at /usr/local/bin/make, found using make in PATH
configure:17252: Using GNU make 3.81 (or later) at /usr/local/bin/make (version: GNU Make 3.81)
configure:17258: checking if find supports -delete
configure:17274: result: yes
configure:17295: checking for unzip
configure:17313: found /usr/bin/unzip
configure:17325: result: /usr/bin/unzip
configure:17488: checking for zip
configure:17506: found /usr/bin/zip
configure:17518: result: /usr/bin/zip
configure:17683: checking for ldd
configure:17701: found /usr/bin/ldd
configure:17713: result: /usr/bin/ldd
configure:17875: checking for readelf
configure:17893: found /usr/bin/readelf
configure:17905: result: /usr/bin/readelf
configure:18061: checking for hg
configure:18079: found /usr/bin/hg
configure:18091: result: /usr/bin/hg
configure:18247: checking for stat
configure:18265: found /usr/bin/stat
configure:18277: result: /usr/bin/stat
configure:18433: checking for time
configure:18451: found /usr/bin/time
configure:18463: result: /usr/bin/time
configure:19455: checking for pkg-config
configure:19473: found /usr/bin/pkg-config
configure:19485: result: /usr/bin/pkg-config
configure:19510: checking pkg-config is at least version 0.9.0
configure:19513: result: yes
configure:19628: checking for 7z
configure:19658: result: no
configure:19628: checking for unzip
configure:19644: found /usr/bin/unzip
configure:19655: result: unzip
configure:19674: checking for wget
configure:19690: found /usr/bin/wget
configure:19701: result: wget
configure:19728: checking headful support
configure:19752: result: include support for both headful and headless
configure:19825: checking whether to build JFR
configure:19855: result: true
configure:21097: checking for javac
configure:21115: found /usr/bin/javac
configure:21127: result: /usr/bin/javac
configure:21137: checking for java
configure:21155: found /usr/bin/java
configure:21167: result: /usr/bin/java
configure:21237: Found potential Boot JDK using java(c) in PATH
configure:21401: checking for Boot JDK
configure:21403: result: /usr/lib/jvm/java-8-openjdk-amd64
configure:21405: checking Boot JDK version
configure:21408: result: openjdk version "1.8.0_282" OpenJDK Runtime Environment (build 1.8.0_282-8u282-b08-0ubuntu1~16.04-b08) OpenJDK 64-Bit Server VM (build 25.282-b08, mixed mode) 
configure:24705: checking for java in Boot JDK
configure:24715: result: ok
configure:24719: checking for javac in Boot JDK
configure:24729: result: ok
configure:24733: checking for javah in Boot JDK
configure:24743: result: ok
configure:24747: checking for javap in Boot JDK
configure:24757: result: ok
configure:24761: checking for jar in Boot JDK
configure:24771: result: ok
configure:24775: checking for rmic in Boot JDK
configure:24785: result: ok
configure:24789: checking for native2ascii in Boot JDK
configure:24799: result: ok
configure:24816: checking if Boot JDK is 32 or 64 bits
configure:24818: result: 64
configure:24834: checking flags for boot jdk java command 
Check if jvm arg is ok: -XX:-PrintVMOptions -XX:-UnlockDiagnosticVMOptions -XX:-LogVMOutput
Command: /usr/lib/jvm/java-8-openjdk-amd64/bin/java -XX:-PrintVMOptions -XX:-UnlockDiagnosticVMOptions -XX:-LogVMOutput -version
Arg failed:
Error: VM option 'LogVMOutput' is diagnostic and must be enabled via -XX:+UnlockDiagnosticVMOptions.
Error: Could not create the Java Virtual Machine.
Error: A fatal exception has occurred. Program will exit.
Check if jvm arg is ok: 
Command: /usr/lib/jvm/java-8-openjdk-amd64/bin/java  -version
configure:24871: result:  
configure:24879: checking flags for boot jdk java command for big workloads
Check if jvm arg is ok: -Xms64M
Command: /usr/lib/jvm/java-8-openjdk-amd64/bin/java -Xms64M -version
Check if jvm arg is ok: -Xmx1600M
Command: /usr/lib/jvm/java-8-openjdk-amd64/bin/java -Xmx1600M -version
Check if jvm arg is ok: -XX:ThreadStackSize=1536
Command: /usr/lib/jvm/java-8-openjdk-amd64/bin/java -XX:ThreadStackSize=1536 -version
Check if jvm arg is ok: -XX:PermSize=32m
Command: /usr/lib/jvm/java-8-openjdk-amd64/bin/java -XX:PermSize=32m -version
Arg failed:
OpenJDK 64-Bit Server VM warning: ignoring option PermSize=32m; support was removed in 8.0
openjdk version "1.8.0_282"
OpenJDK Runtime Environment (build 1.8.0_282-8u282-b08-0ubuntu1~16.04-b08)
OpenJDK 64-Bit Server VM (build 25.282-b08, mixed mode)
Check if jvm arg is ok: -XX:MaxPermSize=160m
Command: /usr/lib/jvm/java-8-openjdk-amd64/bin/java -XX:MaxPermSize=160m -version
Arg failed:
OpenJDK 64-Bit Server VM warning: ignoring option MaxPermSize=160m; support was removed in 8.0
openjdk version "1.8.0_282"
OpenJDK Runtime Environment (build 1.8.0_282-8u282-b08-0ubuntu1~16.04-b08)
OpenJDK 64-Bit Server VM (build 25.282-b08, mixed mode)
configure:24973: result:  -Xms64M -Xmx1600M -XX:ThreadStackSize=1536
configure:24980: checking flags for boot jdk java command for small workloads
Check if jvm arg is ok: -XX:+UseSerialGC
Command: /usr/lib/jvm/java-8-openjdk-amd64/bin/java -XX:+UseSerialGC -version
Check if jvm arg is ok: -Xms32M
Command: /usr/lib/jvm/java-8-openjdk-amd64/bin/java -Xms32M -version
Check if jvm arg is ok: -Xmx512M
Command: /usr/lib/jvm/java-8-openjdk-amd64/bin/java -Xmx512M -version
configure:25030: result:  -XX:+UseSerialGC -Xms32M -Xmx512M
configure:25455: Using default toolchain gcc (GNU Compiler Collection)
configure:27046: checking for gcc
configure:27064: found /usr/local/bin/gcc
configure:27076: result: /usr/local/bin/gcc
configure:27410: checking resolved symbolic links for CC
configure:27465: result: /usr/bin/gcc-5
configure:27467: checking if CC is disguised ccache
configure:27920: result: no, keeping CC
configure:28043: Using gcc C compiler version 5.5.0 [gcc (Ubuntu 5.5.0-12ubuntu1~16.04) 5.5.0 20171010]
configure:28160: checking for C compiler version
configure:28169: /usr/local/bin/gcc --version >&5
gcc (Ubuntu 5.5.0-12ubuntu1~16.04) 5.5.0 20171010
Copyright (C) 2015 Free Software Foundation, Inc.
This is free software; see the source for copying conditions.  There is NO
warranty; not even for MERCHANTABILITY or FITNESS FOR A PARTICULAR PURPOSE.

configure:28180: $? = 0
configure:28169: /usr/local/bin/gcc -v >&5
Using built-in specs.
COLLECT_GCC=/usr/local/bin/gcc
COLLECT_LTO_WRAPPER=/usr/lib/gcc/x86_64-linux-gnu/5/lto-wrapper
Target: x86_64-linux-gnu
Configured with: ../src/configure -v --with-pkgversion='Ubuntu 5.5.0-12ubuntu1~16.04' --with-bugurl=file:///usr/share/doc/gcc-5/README.Bugs --enable-languages=c,ada,c++,java,go,d,fortran,objc,obj-c++ --prefix=/usr --program-suffix=-5 --enable-shared --enable-linker-build-id --libexecdir=/usr/lib --without-included-gettext --enable-threads=posix --libdir=/usr/lib --enable-nls --with-sysroot=/ --enable-clocale=gnu --enable-libstdcxx-debug --enable-libstdcxx-time=yes --with-default-libstdcxx-abi=new --enable-gnu-unique-object --disable-vtable-verify --enable-libmpx --enable-plugin --with-system-zlib --disable-browser-plugin --enable-java-awt=gtk --enable-gtk-cairo --with-java-home=/usr/lib/jvm/java-1.5.0-gcj-5-amd64/jre --enable-java-home --with-jvm-root-dir=/usr/lib/jvm/java-1.5.0-gcj-5-amd64 --with-jvm-jar-dir=/usr/lib/jvm-exports/java-1.5.0-gcj-5-amd64 --with-arch-directory=amd64 --with-ecj-jar=/usr/share/java/eclipse-ecj.jar --enable-objc-gc --enable-multiarch --disable-werror --with-arch-32=i686 --with-abi=m64 --with-multilib-list=m32,m64,mx32 --enable-multilib --with-tune=generic --enable-checking=release --build=x86_64-linux-gnu --host=x86_64-linux-gnu --target=x86_64-linux-gnu
Thread model: posix
gcc version 5.5.0 20171010 (Ubuntu 5.5.0-12ubuntu1~16.04) 
configure:28180: $? = 0
configure:28169: /usr/local/bin/gcc -V >&5
gcc: error: unrecognized command line option '-V'
gcc: fatal error: no input files
compilation terminated.
configure:28180: $? = 1
configure:28169: /usr/local/bin/gcc -qversion >&5
gcc: error: unrecognized command line option '-qversion'
gcc: fatal error: no input files
compilation terminated.
configure:28180: $? = 1
configure:28200: checking whether the C compiler works
configure:28222: /usr/local/bin/gcc    conftest.c  >&5
configure:28226: $? = 0
configure:28274: result: yes
configure:28277: checking for C compiler default output file name
configure:28279: result: a.out
configure:28285: checking for suffix of executables
configure:28292: /usr/local/bin/gcc -o conftest    conftest.c  >&5
configure:28296: $? = 0
configure:28318: result: 
configure:28340: checking whether we are cross compiling
configure:28348: /usr/local/bin/gcc -o conftest    conftest.c  >&5
configure:28352: $? = 0
configure:28359: ./conftest
configure:28363: $? = 0
configure:28378: result: no
configure:28383: checking for suffix of object files
configure:28405: /usr/local/bin/gcc -c   conftest.c >&5
configure:28409: $? = 0
configure:28430: result: o
configure:28434: checking whether we are using the GNU C compiler
configure:28453: /usr/local/bin/gcc -c   conftest.c >&5
configure:28453: $? = 0
configure:28462: result: yes
configure:28471: checking whether /usr/local/bin/gcc accepts -g
configure:28491: /usr/local/bin/gcc -c -g  conftest.c >&5
configure:28491: $? = 0
configure:28532: result: yes
configure:28549: checking for /usr/local/bin/gcc option to accept ISO C89
configure:28612: /usr/local/bin/gcc  -c -g -O2  conftest.c >&5
configure:28612: $? = 0
configure:28625: result: none needed
configure:28787: checking for g++
configure:28805: found /usr/local/bin/g++
configure:28817: result: /usr/local/bin/g++
configure:29151: checking resolved symbolic links for CXX
configure:29206: result: /usr/bin/g++-5
configure:29208: checking if CXX is disguised ccache
configure:29661: result: no, keeping CXX
configure:29784: Using gcc C++ compiler version 5.5.0 [g++ (Ubuntu 5.5.0-12ubuntu1~16.04) 5.5.0 20171010]
configure:29901: checking for C++ compiler version
configure:29910: /usr/local/bin/g++ --version >&5
g++ (Ubuntu 5.5.0-12ubuntu1~16.04) 5.5.0 20171010
Copyright (C) 2015 Free Software Foundation, Inc.
This is free software; see the source for copying conditions.  There is NO
warranty; not even for MERCHANTABILITY or FITNESS FOR A PARTICULAR PURPOSE.

configure:29921: $? = 0
configure:29910: /usr/local/bin/g++ -v >&5
Using built-in specs.
COLLECT_GCC=/usr/local/bin/g++
COLLECT_LTO_WRAPPER=/usr/lib/gcc/x86_64-linux-gnu/5/lto-wrapper
Target: x86_64-linux-gnu
Configured with: ../src/configure -v --with-pkgversion='Ubuntu 5.5.0-12ubuntu1~16.04' --with-bugurl=file:///usr/share/doc/gcc-5/README.Bugs --enable-languages=c,ada,c++,java,go,d,fortran,objc,obj-c++ --prefix=/usr --program-suffix=-5 --enable-shared --enable-linker-build-id --libexecdir=/usr/lib --without-included-gettext --enable-threads=posix --libdir=/usr/lib --enable-nls --with-sysroot=/ --enable-clocale=gnu --enable-libstdcxx-debug --enable-libstdcxx-time=yes --with-default-libstdcxx-abi=new --enable-gnu-unique-object --disable-vtable-verify --enable-libmpx --enable-plugin --with-system-zlib --disable-browser-plugin --enable-java-awt=gtk --enable-gtk-cairo --with-java-home=/usr/lib/jvm/java-1.5.0-gcj-5-amd64/jre --enable-java-home --with-jvm-root-dir=/usr/lib/jvm/java-1.5.0-gcj-5-amd64 --with-jvm-jar-dir=/usr/lib/jvm-exports/java-1.5.0-gcj-5-amd64 --with-arch-directory=amd64 --with-ecj-jar=/usr/share/java/eclipse-ecj.jar --enable-objc-gc --enable-multiarch --disable-werror --with-arch-32=i686 --with-abi=m64 --with-multilib-list=m32,m64,mx32 --enable-multilib --with-tune=generic --enable-checking=release --build=x86_64-linux-gnu --host=x86_64-linux-gnu --target=x86_64-linux-gnu
Thread model: posix
gcc version 5.5.0 20171010 (Ubuntu 5.5.0-12ubuntu1~16.04) 
configure:29921: $? = 0
configure:29910: /usr/local/bin/g++ -V >&5
g++: error: unrecognized command line option '-V'
g++: fatal error: no input files
compilation terminated.
configure:29921: $? = 1
configure:29910: /usr/local/bin/g++ -qversion >&5
g++: error: unrecognized command line option '-qversion'
g++: fatal error: no input files
compilation terminated.
configure:29921: $? = 1
configure:29925: checking whether we are using the GNU C++ compiler
configure:29944: /usr/local/bin/g++ -c   conftest.cpp >&5
configure:29944: $? = 0
configure:29953: result: yes
configure:29962: checking whether /usr/local/bin/g++ accepts -g
configure:29982: /usr/local/bin/g++ -c -g  conftest.cpp >&5
configure:29982: $? = 0
configure:30023: result: yes
configure:30081: checking how to run the C preprocessor
configure:30112: /usr/local/bin/gcc -E  conftest.c
configure:30112: $? = 0
configure:30126: /usr/local/bin/gcc -E  conftest.c
conftest.c:9:28: fatal error: ac_nonexistent.h: No such file or directory
compilation terminated.
configure:30126: $? = 1
configure: failed program was:
| /* confdefs.h */
| #define PACKAGE_NAME "OpenJDK"
| #define PACKAGE_TARNAME "openjdk"
| #define PACKAGE_VERSION "jdk8"
| #define PACKAGE_STRING "OpenJDK jdk8"
| #define PACKAGE_BUGREPORT "build-dev@openjdk.java.net"
| #define PACKAGE_URL "http://openjdk.java.net"
| /* end confdefs.h.  */
| #include <ac_nonexistent.h>
configure:30151: result: /usr/local/bin/gcc -E
configure:30171: /usr/local/bin/gcc -E  conftest.c
configure:30171: $? = 0
configure:30185: /usr/local/bin/gcc -E  conftest.c
conftest.c:9:28: fatal error: ac_nonexistent.h: No such file or directory
compilation terminated.
configure:30185: $? = 1
configure: failed program was:
| /* confdefs.h */
| #define PACKAGE_NAME "OpenJDK"
| #define PACKAGE_TARNAME "openjdk"
| #define PACKAGE_VERSION "jdk8"
| #define PACKAGE_STRING "OpenJDK jdk8"
| #define PACKAGE_BUGREPORT "build-dev@openjdk.java.net"
| #define PACKAGE_URL "http://openjdk.java.net"
| /* end confdefs.h.  */
| #include <ac_nonexistent.h>
configure:30500: checking how to run the C++ preprocessor
configure:30527: /usr/local/bin/g++ -E  conftest.cpp
configure:30527: $? = 0
configure:30541: /usr/local/bin/g++ -E  conftest.cpp
conftest.cpp:9:28: fatal error: ac_nonexistent.h: No such file or directory
compilation terminated.
configure:30541: $? = 1
configure: failed program was:
| /* confdefs.h */
| #define PACKAGE_NAME "OpenJDK"
| #define PACKAGE_TARNAME "openjdk"
| #define PACKAGE_VERSION "jdk8"
| #define PACKAGE_STRING "OpenJDK jdk8"
| #define PACKAGE_BUGREPORT "build-dev@openjdk.java.net"
| #define PACKAGE_URL "http://openjdk.java.net"
| /* end confdefs.h.  */
| #include <ac_nonexistent.h>
configure:30566: result: /usr/local/bin/g++ -E
configure:30586: /usr/local/bin/g++ -E  conftest.cpp
configure:30586: $? = 0
configure:30600: /usr/local/bin/g++ -E  conftest.cpp
conftest.cpp:9:28: fatal error: ac_nonexistent.h: No such file or directory
compilation terminated.
configure:30600: $? = 1
configure: failed program was:
| /* confdefs.h */
| #define PACKAGE_NAME "OpenJDK"
| #define PACKAGE_TARNAME "openjdk"
| #define PACKAGE_VERSION "jdk8"
| #define PACKAGE_STRING "OpenJDK jdk8"
| #define PACKAGE_BUGREPORT "build-dev@openjdk.java.net"
| #define PACKAGE_URL "http://openjdk.java.net"
| /* end confdefs.h.  */
| #include <ac_nonexistent.h>
configure:31854: checking for ar
configure:31870: found /usr/bin/ar
configure:31881: result: ar
configure:32373: Rewriting AR to "/usr/bin/ar"
configure:36356: checking for strip
configure:36372: found /usr/bin/strip
configure:36383: result: strip
configure:36874: Rewriting STRIP to "/usr/bin/strip"
configure:36880: checking for otool
configure:36913: result: no
configure:36977: checking for nm
configure:36993: found /usr/bin/nm
configure:37004: result: nm
configure:37495: Rewriting NM to "/usr/bin/nm"
configure:37562: checking for gobjcopy
configure:37592: result: no
configure:37562: checking for objcopy
configure:37578: found /usr/bin/objcopy
configure:37589: result: objcopy
configure:38082: Rewriting OBJCOPY to "/usr/bin/objcopy"
configure:38145: checking for gobjdump
configure:38175: result: no
configure:38145: checking for objdump
configure:38161: found /usr/bin/objdump
configure:38172: result: objdump
configure:38666: Rewriting OBJDUMP to "/usr/bin/objdump"
configure:40212: checking for broken SuSE 'ld' which only understands anonymous version tags in executables
configure:40217: result: no
configure:40243: checking for jtreg
configure:40245: result: no
configure:40721: checking for ANSI C header files
configure:40741: /usr/local/bin/g++ -c   conftest.cpp >&5
configure:40741: $? = 0
configure:40814: /usr/local/bin/g++ -o conftest    conftest.cpp  >&5
configure:40814: $? = 0
configure:40814: ./conftest
configure:40814: $? = 0
configure:40825: result: yes
configure:40838: checking for sys/types.h
configure:40838: /usr/local/bin/g++ -c   conftest.cpp >&5
configure:40838: $? = 0
configure:40838: result: yes
configure:40838: checking for sys/stat.h
configure:40838: /usr/local/bin/g++ -c   conftest.cpp >&5
configure:40838: $? = 0
configure:40838: result: yes
configure:40838: checking for stdlib.h
configure:40838: /usr/local/bin/g++ -c   conftest.cpp >&5
configure:40838: $? = 0
configure:40838: result: yes
configure:40838: checking for string.h
configure:40838: /usr/local/bin/g++ -c   conftest.cpp >&5
configure:40838: $? = 0
configure:40838: result: yes
configure:40838: checking for memory.h
configure:40838: /usr/local/bin/g++ -c   conftest.cpp >&5
configure:40838: $? = 0
configure:40838: result: yes
configure:40838: checking for strings.h
configure:40838: /usr/local/bin/g++ -c   conftest.cpp >&5
configure:40838: $? = 0
configure:40838: result: yes
configure:40838: checking for inttypes.h
configure:40838: /usr/local/bin/g++ -c   conftest.cpp >&5
configure:40838: $? = 0
configure:40838: result: yes
configure:40838: checking for stdint.h
configure:40838: /usr/local/bin/g++ -c   conftest.cpp >&5
configure:40838: $? = 0
configure:40838: result: yes
configure:40838: checking for unistd.h
configure:40838: /usr/local/bin/g++ -c   conftest.cpp >&5
configure:40838: $? = 0
configure:40838: result: yes
configure:40904: checking stdio.h usability
configure:40904: /usr/local/bin/g++ -c   conftest.cpp >&5
configure:40904: $? = 0
configure:40904: result: yes
configure:40904: checking stdio.h presence
configure:40904: /usr/local/bin/g++ -E  conftest.cpp
configure:40904: $? = 0
configure:40904: result: yes
configure:40904: checking for stdio.h
configure:40904: result: yes
configure:40932: checking size of int *
configure:40937: /usr/local/bin/g++ -o conftest    conftest.cpp  >&5
configure:40937: $? = 0
configure:40937: ./conftest
configure:40937: $? = 0
configure:40951: result: 8
configure:41044: checking for target address size
configure:41046: result: 64 bits
configure:41054: checking whether byte ordering is bigendian
configure:41069: /usr/local/bin/g++ -c   conftest.cpp >&5
conftest.cpp:22:9: error: expected unqualified-id before 'not' token
         not a universal capable compiler
         ^
configure:41069: $? = 1
configure: failed program was:
| /* confdefs.h */
| #define PACKAGE_NAME "OpenJDK"
| #define PACKAGE_TARNAME "openjdk"
| #define PACKAGE_VERSION "jdk8"
| #define PACKAGE_STRING "OpenJDK jdk8"
| #define PACKAGE_BUGREPORT "build-dev@openjdk.java.net"
| #define PACKAGE_URL "http://openjdk.java.net"
| #define STDC_HEADERS 1
| #define HAVE_SYS_TYPES_H 1
| #define HAVE_SYS_STAT_H 1
| #define HAVE_STDLIB_H 1
| #define HAVE_STRING_H 1
| #define HAVE_MEMORY_H 1
| #define HAVE_STRINGS_H 1
| #define HAVE_INTTYPES_H 1
| #define HAVE_STDINT_H 1
| #define HAVE_UNISTD_H 1
| #define HAVE_STDIO_H 1
| #define SIZEOF_INT_P 8
| /* end confdefs.h.  */
| #ifndef __APPLE_CC__
| 	       not a universal capable compiler
| 	     #endif
| 	     typedef int dummy;
| 
configure:41114: /usr/local/bin/g++ -c   conftest.cpp >&5
configure:41114: $? = 0
configure:41132: /usr/local/bin/g++ -c   conftest.cpp >&5
conftest.cpp: In function 'int main()':
conftest.cpp:28:8: error: 'big' was not declared in this scope
    not big endian
        ^
configure:41132: $? = 1
configure: failed program was:
| /* confdefs.h */
| #define PACKAGE_NAME "OpenJDK"
| #define PACKAGE_TARNAME "openjdk"
| #define PACKAGE_VERSION "jdk8"
| #define PACKAGE_STRING "OpenJDK jdk8"
| #define PACKAGE_BUGREPORT "build-dev@openjdk.java.net"
| #define PACKAGE_URL "http://openjdk.java.net"
| #define STDC_HEADERS 1
| #define HAVE_SYS_TYPES_H 1
| #define HAVE_SYS_STAT_H 1
| #define HAVE_STDLIB_H 1
| #define HAVE_STRING_H 1
| #define HAVE_MEMORY_H 1
| #define HAVE_STRINGS_H 1
| #define HAVE_INTTYPES_H 1
| #define HAVE_STDINT_H 1
| #define HAVE_UNISTD_H 1
| #define HAVE_STDIO_H 1
| #define SIZEOF_INT_P 8
| /* end confdefs.h.  */
| #include <sys/types.h>
| 		#include <sys/param.h>
| 
| int
| main ()
| {
| #if BYTE_ORDER != BIG_ENDIAN
| 		 not big endian
| 		#endif
| 
|   ;
|   return 0;
| }
configure:41260: result: no
configure:41501: checking if the C++ compiler supports "-std=gnu++98 -Werror"
configure:41517: /usr/local/bin/g++ -c  -std=gnu++98 -Werror  conftest.cpp >&5
configure:41517: $? = 0
configure:41531: result: yes
configure:41865: checking if the C++ compiler supports "-ffp-contract=off -Werror"
configure:41881: /usr/local/bin/g++ -c  -ffp-contract=off -Werror  conftest.cpp >&5
configure:41881: $? = 0
configure:41895: result: yes
configure:42258: checking if the C compiler supports "-m64"
configure:42274: /usr/local/bin/gcc -c  -m64  conftest.c >&5
configure:42274: $? = 0
configure:42288: result: yes
configure:42297: checking if the C++ compiler supports "-m64"
configure:42313: /usr/local/bin/g++ -c  -m64  conftest.cpp >&5
configure:42313: $? = 0
configure:42327: result: yes
configure:42336: checking if both compilers support "-m64"
configure:42341: result: yes
configure:42355: checking if the C compiler supports "-m64"
configure:42371: /usr/local/bin/gcc -c  -m64  conftest.c >&5
configure:42371: $? = 0
configure:42385: result: yes
configure:42394: checking if the C++ compiler supports "-m64"
configure:42410: /usr/local/bin/g++ -c  -m64  conftest.cpp >&5
configure:42410: $? = 0
configure:42424: result: yes
configure:42433: checking if both compilers support "-m64"
configure:42438: result: yes
configure:42464: checking if we should generate debug symbols
configure:42489: result: true
configure:42498: checking if we should zip debug-info files
configure:42507: result: yes
configure:42522: checking what type of native debug symbols to use (this will override previous settings)
configure:42543: result: not specified
configure:42593: --with-native-debug-symbols not specified. Using values from --disable-debug-symbols and --disable-zip-debug-info
configure:42677: checking what is not needed on Linux?
configure:42680: result: pulse
configure:42787: checking for X
configure:42895: /usr/local/bin/g++ -E  conftest.cpp
configure:42895: $? = 0
configure:42926: /usr/local/bin/g++ -o conftest    conftest.cpp -lX11  >&5
configure:42926: $? = 0
configure:42976: result: libraries , headers 
configure:43075: /usr/local/bin/g++ -o conftest    conftest.cpp   -lX11 >&5
configure:43075: $? = 0
configure:43173: checking for gethostbyname
configure:43173: /usr/local/bin/g++ -o conftest    conftest.cpp  >&5
configure:43173: $? = 0
configure:43173: result: yes
configure:43270: checking for connect
configure:43270: /usr/local/bin/g++ -o conftest    conftest.cpp  >&5
configure:43270: $? = 0
configure:43270: result: yes
configure:43319: checking for remove
configure:43319: /usr/local/bin/g++ -o conftest    conftest.cpp  >&5
configure:43319: $? = 0
configure:43319: result: yes
configure:43368: checking for shmat
configure:43368: /usr/local/bin/g++ -o conftest    conftest.cpp  >&5
configure:43368: $? = 0
configure:43368: result: yes
configure:43426: checking for IceConnectionNumber in -lICE
configure:43451: /usr/local/bin/g++ -o conftest    conftest.cpp -lICE   >&5
configure:43451: $? = 0
configure:43460: result: yes
configure:43545: checking for X11/extensions/shape.h
configure:43545: /usr/local/bin/gcc -c    conftest.c >&5
configure:43545: $? = 0
configure:43545: result: yes
configure:43545: checking for X11/extensions/Xrender.h
configure:43545: /usr/local/bin/gcc -c    conftest.c >&5
configure:43545: $? = 0
configure:43545: result: yes
configure:43545: checking for X11/extensions/XTest.h
configure:43545: /usr/local/bin/gcc -c    conftest.c >&5
configure:43545: $? = 0
configure:43545: result: yes
configure:43545: checking for X11/Intrinsic.h
configure:43545: /usr/local/bin/gcc -c    conftest.c >&5
configure:43545: $? = 0
configure:43545: result: yes
configure:43798: checking cups/cups.h usability
configure:43798: /usr/local/bin/g++ -c   conftest.cpp >&5
configure:43798: $? = 0
configure:43798: result: yes
configure:43798: checking cups/cups.h presence
configure:43798: /usr/local/bin/g++ -E  conftest.cpp
configure:43798: $? = 0
configure:43798: result: yes
configure:43798: checking for cups/cups.h
configure:43798: result: yes
configure:43798: checking cups/ppd.h usability
configure:43798: /usr/local/bin/g++ -c   conftest.cpp >&5
configure:43798: $? = 0
configure:43798: result: yes
configure:43798: checking cups/ppd.h presence
configure:43798: /usr/local/bin/g++ -E  conftest.cpp
configure:43798: $? = 0
configure:43798: result: yes
configure:43798: checking for cups/ppd.h
configure:43798: result: yes
configure:44854: checking for FREETYPE
configure:44861: $PKG_CONFIG --exists --print-errors "freetype2"
configure:44864: $? = 0
configure:44877: $PKG_CONFIG --exists --print-errors "freetype2"
configure:44880: $? = 0
configure:44915: result: yes
configure:44932: checking for freetype
configure:44934: result: yes (using pkg-config)
configure:47608: checking if we can compile and link with freetype
configure:47633:  /usr/local/bin/g++ -o conftest  -I/usr/include/freetype2   conftest.cpp  -lfreetype >&5
configure:47633: $? = 0
configure:47635: result: yes
configure:47694: checking if we should bundle freetype
configure:47699: result: no
configure:47912: checking for ALSA
configure:47919: $PKG_CONFIG --exists --print-errors "alsa"
configure:47922: $? = 0
configure:47935: $PKG_CONFIG --exists --print-errors "alsa"
configure:47938: $? = 0
configure:47973: result: yes
configure:48094: checking fontconfig/fontconfig.h usability
configure:48094: /usr/local/bin/g++ -c  -I/usr/include/freetype2  conftest.cpp >&5
configure:48094: $? = 0
configure:48094: result: yes
configure:48094: checking fontconfig/fontconfig.h presence
configure:48094: /usr/local/bin/g++ -E  conftest.cpp
configure:48094: $? = 0
configure:48094: result: yes
configure:48094: checking for fontconfig/fontconfig.h
configure:48094: result: yes
configure:48154: checking for main in -ljpeg
configure:48173: /usr/local/bin/g++ -o conftest  -I/usr/include/freetype2   conftest.cpp -ljpeg   >&5
configure:48173: $? = 0
configure:48182: result: yes
configure:48213: checking for which giflib to use
configure:48226: result: bundled
configure:48306: checking for compress in -lz
configure:48331: /usr/local/bin/g++ -o conftest  -I/usr/include/freetype2   conftest.cpp -lz  -ljpeg  >&5
configure:48331: $? = 0
configure:48340: result: yes
configure:48349: checking for which zlib to use
configure:48376: result: bundled
configure:48415: /usr/local/bin/g++ -o conftest  -I/usr/include/freetype2   conftest.cpp -ljpeg  >&5
conftest.cpp: In function 'int main()':
conftest.cpp:33:13: error: 'altzone' was not declared in this scope
 return (int)altzone;
             ^
configure:48415: $? = 1
configure: failed program was:
| /* confdefs.h */
| #define PACKAGE_NAME "OpenJDK"
| #define PACKAGE_TARNAME "openjdk"
| #define PACKAGE_VERSION "jdk8"
| #define PACKAGE_STRING "OpenJDK jdk8"
| #define PACKAGE_BUGREPORT "build-dev@openjdk.java.net"
| #define PACKAGE_URL "http://openjdk.java.net"
| #define STDC_HEADERS 1
| #define HAVE_SYS_TYPES_H 1
| #define HAVE_SYS_STAT_H 1
| #define HAVE_STDLIB_H 1
| #define HAVE_STRING_H 1
| #define HAVE_MEMORY_H 1
| #define HAVE_STRINGS_H 1
| #define HAVE_INTTYPES_H 1
| #define HAVE_STDINT_H 1
| #define HAVE_UNISTD_H 1
| #define HAVE_STDIO_H 1
| #define SIZEOF_INT_P 8
| #define HAVE_X11_EXTENSIONS_SHAPE_H 1
| #define HAVE_X11_EXTENSIONS_XRENDER_H 1
| #define HAVE_X11_EXTENSIONS_XTEST_H 1
| #define HAVE_X11_INTRINSIC_H 1
| #define HAVE_CUPS_CUPS_H 1
| #define HAVE_CUPS_PPD_H 1
| #define HAVE_FONTCONFIG_FONTCONFIG_H 1
| #define HAVE_LIBJPEG 1
| /* end confdefs.h.  */
| #include <time.h>
| int
| main ()
| {
| return (int)altzone;
|   ;
|   return 0;
| }
configure:48433: checking for cos in -lm
configure:48458: /usr/local/bin/g++ -o conftest  -I/usr/include/freetype2   conftest.cpp -lm  -ljpeg  >&5
configure:48458: $? = 0
configure:48467: result: yes
configure:48492: checking for dlopen in -ldl
configure:48517: /usr/local/bin/g++ -o conftest  -I/usr/include/freetype2   conftest.cpp -ldl   >&5
configure:48517: $? = 0
configure:48526: result: yes
configure:48564: checking if dynamic link of stdc++ is possible
configure:48585: /usr/local/bin/g++ -o conftest  -I/usr/include/freetype2 -lstdc++   conftest.cpp -lm -ljpeg  >&5
configure:48585: $? = 0
configure:48599: result: yes
configure:48603: checking if static link of stdc++ is possible
configure:48627: /usr/local/bin/gcc -o conftest  -I/usr/include/freetype2   conftest.cpp -Wl,-Bstatic -lstdc++ -lgcc -Wl,-Bdynamic >&5
configure:48627: $? = 0
configure:48642: result: yes
configure:48657: checking how to link with libstdc++
configure:48671: result: static
configure:52009: checking if elliptic curve crypto implementation is present
configure:52014: result: yes
configure:52043: checking for number of cores
configure:52073: result: 32
configure:52098: checking for memory size
configure:52126: result: 128832 MB
configure:52151: checking for appropriate number of jobs to run in parallel
configure:52172: result: 16
Check if jvm arg is ok: -verbosegc
Command: /usr/lib/jvm/java-8-openjdk-amd64/bin/java -verbosegc -version
Check if jvm arg is ok: -Xverbose:gc
Command: /usr/lib/jvm/java-8-openjdk-amd64/bin/java -Xverbose:gc -version
Arg failed:
Unrecognized option: -Xverbose:gc
Error: Could not create the Java Virtual Machine.
Error: A fatal exception has occurred. Program will exit.
Check if jvm arg is ok: -d64
Command: /usr/lib/jvm/java-8-openjdk-amd64/bin/java  -verbosegc -d64 -version
Check if jvm arg is ok: -Xms10G -Xmx10G
Command: /usr/lib/jvm/java-8-openjdk-amd64/bin/java  -verbosegc -d64 -Xms10G -Xmx10G -version
configure:52377: checking whether to use sjavac
configure:52386: result: no
configure:52421: checking that precompiled headers work
configure:52430: result: yes
configure:52449: checking is ccache enabled
configure:52658: result: no
configure:52774: checking if build directory is on local disk
configure:52800: result: yes
configure:52939: creating /home/cgmin/20210420/jdk8u/build/linux-x86_64-normal-server-release/config.status

## ---------------------- ##
## Running config.status. ##
## ---------------------- ##

This file was extended by OpenJDK config.status jdk8, which was
generated by GNU Autoconf 2.69.  Invocation command line was

  CONFIG_FILES    = 
  CONFIG_HEADERS  = 
  CONFIG_LINKS    = 
  CONFIG_COMMANDS = 
  $ /home/cgmin/20210420/jdk8u/build/linux-x86_64-normal-server-release/config.status 

on infi19

config.status:1193: creating /home/cgmin/20210420/jdk8u/build/linux-x86_64-normal-server-release/spec.gmk
config.status:1193: creating /home/cgmin/20210420/jdk8u/build/linux-x86_64-normal-server-release/hotspot-spec.gmk
config.status:1193: creating /home/cgmin/20210420/jdk8u/build/linux-x86_64-normal-server-release/bootcycle-spec.gmk
config.status:1193: creating /home/cgmin/20210420/jdk8u/build/linux-x86_64-normal-server-release/compare.sh
config.status:1193: creating /home/cgmin/20210420/jdk8u/build/linux-x86_64-normal-server-release/spec.sh
config.status:1193: creating /home/cgmin/20210420/jdk8u/build/linux-x86_64-normal-server-release/Makefile
config.status:1193: creating /home/cgmin/20210420/jdk8u/build/linux-x86_64-normal-server-release/config.h
config.status:1348: /home/cgmin/20210420/jdk8u/build/linux-x86_64-normal-server-release/config.h is unchanged

## ---------------- ##
## Cache variables. ##
## ---------------- ##

ac_cv_build=x86_64-unknown-linux-gnu
ac_cv_c_bigendian=no
ac_cv_c_compiler_gnu=yes
ac_cv_cxx_compiler_gnu=yes
ac_cv_env_ALSA_CFLAGS_set=
ac_cv_env_ALSA_CFLAGS_value=
ac_cv_env_ALSA_LIBS_set=
ac_cv_env_ALSA_LIBS_value=
ac_cv_env_AR_set=
ac_cv_env_AR_value=
ac_cv_env_AS_set=
ac_cv_env_AS_value=
ac_cv_env_AWK_set=
ac_cv_env_AWK_value=
ac_cv_env_BASENAME_set=
ac_cv_env_BASENAME_value=
ac_cv_env_BASH_set=set
ac_cv_env_BASH_value=/bin/bash
ac_cv_env_BUILD_CC_set=
ac_cv_env_BUILD_CC_value=
ac_cv_env_BUILD_CXX_set=
ac_cv_env_BUILD_CXX_value=
ac_cv_env_BUILD_LD_set=
ac_cv_env_BUILD_LD_value=
ac_cv_env_CAT_set=
ac_cv_env_CAT_value=
ac_cv_env_CCACHE_set=
ac_cv_env_CCACHE_value=
ac_cv_env_CCC_set=
ac_cv_env_CCC_value=
ac_cv_env_CC_set=
ac_cv_env_CC_value=
ac_cv_env_CFLAGS_set=
ac_cv_env_CFLAGS_value=
ac_cv_env_CHMOD_set=
ac_cv_env_CHMOD_value=
ac_cv_env_CMP_set=
ac_cv_env_CMP_value=
ac_cv_env_CODESIGN_set=
ac_cv_env_CODESIGN_value=
ac_cv_env_COMM_set=
ac_cv_env_COMM_value=
ac_cv_env_CPIO_set=
ac_cv_env_CPIO_value=
ac_cv_env_CPPFLAGS_set=
ac_cv_env_CPPFLAGS_value=
ac_cv_env_CPP_set=
ac_cv_env_CPP_value=
ac_cv_env_CP_set=
ac_cv_env_CP_value=
ac_cv_env_CUT_set=
ac_cv_env_CUT_value=
ac_cv_env_CXXCPP_set=
ac_cv_env_CXXCPP_value=
ac_cv_env_CXXFLAGS_set=
ac_cv_env_CXXFLAGS_value=
ac_cv_env_CXX_set=
ac_cv_env_CXX_value=
ac_cv_env_CYGPATH_set=
ac_cv_env_CYGPATH_value=
ac_cv_env_DATE_set=
ac_cv_env_DATE_value=
ac_cv_env_DF_set=
ac_cv_env_DF_value=
ac_cv_env_DIFF_set=
ac_cv_env_DIFF_value=
ac_cv_env_DIRNAME_set=
ac_cv_env_DIRNAME_value=
ac_cv_env_DSYMUTIL_set=
ac_cv_env_DSYMUTIL_value=
ac_cv_env_ECHO_set=
ac_cv_env_ECHO_value=
ac_cv_env_EGREP_set=
ac_cv_env_EGREP_value=
ac_cv_env_EXPR_set=
ac_cv_env_EXPR_value=
ac_cv_env_FGREP_set=
ac_cv_env_FGREP_value=
ac_cv_env_FILE_set=
ac_cv_env_FILE_value=
ac_cv_env_FIND_set=
ac_cv_env_FIND_value=
ac_cv_env_FREETYPE_CFLAGS_set=
ac_cv_env_FREETYPE_CFLAGS_value=
ac_cv_env_FREETYPE_LIBS_set=
ac_cv_env_FREETYPE_LIBS_value=
ac_cv_env_GNM_set=
ac_cv_env_GNM_value=
ac_cv_env_GREP_set=
ac_cv_env_GREP_value=
ac_cv_env_HEAD_set=
ac_cv_env_HEAD_value=
ac_cv_env_HG_set=
ac_cv_env_HG_value=
ac_cv_env_JTREGEXE_set=
ac_cv_env_JTREGEXE_value=
ac_cv_env_LDD_set=
ac_cv_env_LDD_value=
ac_cv_env_LDFLAGS_set=
ac_cv_env_LDFLAGS_value=
ac_cv_env_LIBFFI_CFLAGS_set=
ac_cv_env_LIBFFI_CFLAGS_value=
ac_cv_env_LIBFFI_LIBS_set=
ac_cv_env_LIBFFI_LIBS_value=
ac_cv_env_LIBS_set=
ac_cv_env_LIBS_value=
ac_cv_env_LIPO_set=
ac_cv_env_LIPO_value=
ac_cv_env_LN_set=
ac_cv_env_LN_value=
ac_cv_env_LS_set=
ac_cv_env_LS_value=
ac_cv_env_MCS_set=
ac_cv_env_MCS_value=
ac_cv_env_MKDIR_set=
ac_cv_env_MKDIR_value=
ac_cv_env_MKTEMP_set=
ac_cv_env_MKTEMP_value=
ac_cv_env_MV_set=
ac_cv_env_MV_value=
ac_cv_env_NAWK_set=
ac_cv_env_NAWK_value=
ac_cv_env_NM_set=
ac_cv_env_NM_value=
ac_cv_env_OBJCFLAGS_set=
ac_cv_env_OBJCFLAGS_value=
ac_cv_env_OBJCOPY_set=
ac_cv_env_OBJCOPY_value=
ac_cv_env_OBJC_set=
ac_cv_env_OBJC_value=
ac_cv_env_OBJDUMP_set=
ac_cv_env_OBJDUMP_value=
ac_cv_env_PKG_CONFIG_set=
ac_cv_env_PKG_CONFIG_value=
ac_cv_env_PRINTF_set=
ac_cv_env_PRINTF_value=
ac_cv_env_READELF_set=
ac_cv_env_READELF_value=
ac_cv_env_READLINK_set=
ac_cv_env_READLINK_value=
ac_cv_env_RM_set=
ac_cv_env_RM_value=
ac_cv_env_SED_set=
ac_cv_env_SED_value=
ac_cv_env_SETFILE_set=
ac_cv_env_SETFILE_value=
ac_cv_env_SH_set=
ac_cv_env_SH_value=
ac_cv_env_SORT_set=
ac_cv_env_SORT_value=
ac_cv_env_STAT_set=
ac_cv_env_STAT_value=
ac_cv_env_STRIP_set=
ac_cv_env_STRIP_value=
ac_cv_env_TAIL_set=
ac_cv_env_TAIL_value=
ac_cv_env_TAR_set=
ac_cv_env_TAR_value=
ac_cv_env_TEE_set=
ac_cv_env_TEE_value=
ac_cv_env_TIME_set=
ac_cv_env_TIME_value=
ac_cv_env_TOUCH_set=
ac_cv_env_TOUCH_value=
ac_cv_env_TR_set=
ac_cv_env_TR_value=
ac_cv_env_UNAME_set=
ac_cv_env_UNAME_value=
ac_cv_env_UNIQ_set=
ac_cv_env_UNIQ_value=
ac_cv_env_UNZIP_set=
ac_cv_env_UNZIP_value=
ac_cv_env_WC_set=
ac_cv_env_WC_value=
ac_cv_env_WHICH_set=
ac_cv_env_WHICH_value=
ac_cv_env_XARGS_set=
ac_cv_env_XARGS_value=
ac_cv_env_XATTR_set=
ac_cv_env_XATTR_value=
ac_cv_env_XMKMF_set=
ac_cv_env_XMKMF_value=
ac_cv_env_ZIP_set=
ac_cv_env_ZIP_value=
ac_cv_env_build_alias_set=
ac_cv_env_build_alias_value=
ac_cv_env_host_alias_set=
ac_cv_env_host_alias_value=
ac_cv_env_target_alias_set=
ac_cv_env_target_alias_value=
ac_cv_func_connect=yes
ac_cv_func_gethostbyname=yes
ac_cv_func_remove=yes
ac_cv_func_shmat=yes
ac_cv_have_x='have_x=yes	ac_x_includes='\'''\''	ac_x_libraries='\'''\'''
ac_cv_header_X11_Intrinsic_h=yes
ac_cv_header_X11_extensions_XTest_h=yes
ac_cv_header_X11_extensions_Xrender_h=yes
ac_cv_header_X11_extensions_shape_h=yes
ac_cv_header_cups_cups_h=yes
ac_cv_header_cups_ppd_h=yes
ac_cv_header_fontconfig_fontconfig_h=yes
ac_cv_header_inttypes_h=yes
ac_cv_header_memory_h=yes
ac_cv_header_stdc=yes
ac_cv_header_stdint_h=yes
ac_cv_header_stdio_h=yes
ac_cv_header_stdlib_h=yes
ac_cv_header_string_h=yes
ac_cv_header_strings_h=yes
ac_cv_header_sys_stat_h=yes
ac_cv_header_sys_types_h=yes
ac_cv_header_unistd_h=yes
ac_cv_host=x86_64-unknown-linux-gnu
ac_cv_lib_ICE_IceConnectionNumber=yes
ac_cv_lib_dl_dlopen=yes
ac_cv_lib_jpeg_main=yes
ac_cv_lib_m_cos=yes
ac_cv_lib_z_compress=yes
ac_cv_objext=o
ac_cv_path_BASENAME=/usr/bin/basename
ac_cv_path_BASH=/bin/bash
ac_cv_path_CAT=/bin/cat
ac_cv_path_CHECK_MAKE=/usr/local/bin/make
ac_cv_path_CHMOD=/bin/chmod
ac_cv_path_CMP=/usr/bin/cmp
ac_cv_path_COMM=/usr/bin/comm
ac_cv_path_CP=/bin/cp
ac_cv_path_CPIO=/bin/cpio
ac_cv_path_CUT=/usr/bin/cut
ac_cv_path_DATE=/bin/date
ac_cv_path_DF=/bin/df
ac_cv_path_DIFF=/usr/bin/diff
ac_cv_path_DIRNAME=/usr/bin/dirname
ac_cv_path_ECHO=/bin/echo
ac_cv_path_EGREP='/bin/grep -E'
ac_cv_path_EXPR=/usr/bin/expr
ac_cv_path_FGREP='/bin/grep -F'
ac_cv_path_FILE=/usr/bin/file
ac_cv_path_FIND=/usr/bin/find
ac_cv_path_GREP=/bin/grep
ac_cv_path_HEAD=/usr/bin/head
ac_cv_path_HG=/usr/bin/hg
ac_cv_path_JAVAC_CHECK=/usr/bin/javac
ac_cv_path_JAVA_CHECK=/usr/bin/java
ac_cv_path_LDD=/usr/bin/ldd
ac_cv_path_LN=/bin/ln
ac_cv_path_LS=/bin/ls
ac_cv_path_MKDIR=/bin/mkdir
ac_cv_path_MKTEMP=/bin/mktemp
ac_cv_path_MV=/bin/mv
ac_cv_path_NAWK=/usr/bin/nawk
ac_cv_path_POTENTIAL_CC=/usr/local/bin/gcc
ac_cv_path_POTENTIAL_CXX=/usr/local/bin/g++
ac_cv_path_PRINTF=/usr/bin/printf
ac_cv_path_READELF=/usr/bin/readelf
ac_cv_path_READLINK=/bin/readlink
ac_cv_path_RM=/bin/rm
ac_cv_path_SED=/bin/sed
ac_cv_path_SH=/bin/sh
ac_cv_path_SORT=/usr/bin/sort
ac_cv_path_STAT=/usr/bin/stat
ac_cv_path_TAIL=/usr/bin/tail
ac_cv_path_TAR=/bin/tar
ac_cv_path_TEE=/usr/bin/tee
ac_cv_path_TIME=/usr/bin/time
ac_cv_path_TOUCH=/usr/bin/touch
ac_cv_path_TR=/usr/bin/tr
ac_cv_path_UNAME=/bin/uname
ac_cv_path_UNIQ=/usr/bin/uniq
ac_cv_path_UNZIP=/usr/bin/unzip
ac_cv_path_WC=/usr/bin/wc
ac_cv_path_WHICH=/usr/bin/which
ac_cv_path_XARGS=/usr/bin/xargs
ac_cv_path_ZIP=/usr/bin/zip
ac_cv_path_ac_pt_PKG_CONFIG=/usr/bin/pkg-config
ac_cv_prog_AWK=gawk
ac_cv_prog_BDEPS_FTP=wget
ac_cv_prog_BDEPS_UNZIP=unzip
ac_cv_prog_CPP='/usr/local/bin/gcc -E'
ac_cv_prog_CXXCPP='/usr/local/bin/g++ -E'
ac_cv_prog_PKGHANDLER=apt-get
ac_cv_prog_ac_ct_AR=ar
ac_cv_prog_ac_ct_NM=nm
ac_cv_prog_ac_ct_OBJCOPY=objcopy
ac_cv_prog_ac_ct_OBJDUMP=objdump
ac_cv_prog_ac_ct_STRIP=strip
ac_cv_prog_cc_c89=
ac_cv_prog_cc_g=yes
ac_cv_prog_cxx_g=yes
ac_cv_sizeof_int_p=8
ac_cv_target=x86_64-unknown-linux-gnu
pkg_cv_ALSA_CFLAGS=-I/usr/include/alsa
pkg_cv_ALSA_LIBS=-lasound
pkg_cv_FREETYPE_CFLAGS=-I/usr/include/freetype2
pkg_cv_FREETYPE_LIBS=-lfreetype

## ----------------- ##
## Output variables. ##
## ----------------- ##

ADD_SRC_ROOT=''
ALSA_CFLAGS='-I/usr/include/alsa'
ALSA_LIBS='-lasound'
AR='/usr/bin/ar'
ARFLAGS=''
AR_OUT_OPTION='rcs$(SPACE)'
AS='/usr/local/bin/gcc -c'
ASFLAGS_DEBUG_SYMBOLS='-g'
AWK='gawk'
BASENAME='/usr/bin/basename'
BASH='/bin/bash'
BDEPS_FTP='wget'
BDEPS_UNZIP='unzip'
BOOT_JDK='/usr/lib/jvm/java-8-openjdk-amd64'
BOOT_JDK_BITS='64'
BOOT_JDK_SOURCETARGET='-source 7 -target 7'
BOOT_RTJAR='/usr/lib/jvm/java-8-openjdk-amd64/jre/lib/rt.jar'
BOOT_TOOLSJAR='/usr/lib/jvm/java-8-openjdk-amd64/lib/tools.jar'
BUILD_CC='/usr/local/bin/gcc'
BUILD_CXX='/usr/local/bin/g++'
BUILD_HEADLESS='BUILD_HEADLESS:=true'
BUILD_HOTSPOT='true'
BUILD_LD='/usr/local/bin/gcc'
BUILD_LOG='$(OUTPUT_ROOT)/build.log'
BUILD_LOG_PREVIOUS='$(OUTPUT_ROOT)/build.log.old'
BUILD_LOG_WRAPPER='$(BASH) $(SRC_ROOT)/common/bin/logger.sh $(BUILD_LOG)'
BUILD_OUTPUT='/home/cgmin/20210420/jdk8u/build/linux-x86_64-normal-server-release'
BUILD_VARIANT_RELEASE=''
CACERTS_FILE=''
CAT='/bin/cat'
CC='/usr/local/bin/gcc'
CCACHE=''
CC_OUT_OPTION='-o$(SPACE)'
CC_VERSION_NUMBER='5.5.0'
CFLAGS=''
CFLAGS_DEBUG_SYMBOLS='-g'
CFLAGS_JDKEXE='  -Wall -Wno-parentheses -Wextra -Wno-unused -Wno-unused-parameter -Wformat=2         -pipe -fstack-protector -D_GNU_SOURCE -D_REENTRANT -D_LARGEFILE64_SOURCE -fno-omit-frame-pointer -D_LP64=1 -D_LITTLE_ENDIAN -DLINUX -DARCH='\''"amd64"'\'' -Damd64 -DNDEBUG -DRELEASE='\''"$(RELEASE)"'\''       -I/home/cgmin/20210420/jdk8u/build/linux-x86_64-normal-server-release/jdk/include       -I/home/cgmin/20210420/jdk8u/build/linux-x86_64-normal-server-release/jdk/include/linux       -I/home/cgmin/20210420/jdk8u/jdk/src/share/javavm/export       -I/home/cgmin/20210420/jdk8u/jdk/src/solaris/javavm/export       -I/home/cgmin/20210420/jdk8u/jdk/src/share/native/common       -I/home/cgmin/20210420/jdk8u/jdk/src/solaris/native/common   -fno-strict-aliasing -fPIE'
CFLAGS_JDKLIB='  -Wall -Wno-parentheses -Wextra -Wno-unused -Wno-unused-parameter -Wformat=2         -pipe -fstack-protector -D_GNU_SOURCE -D_REENTRANT -D_LARGEFILE64_SOURCE -fno-omit-frame-pointer -D_LP64=1 -D_LITTLE_ENDIAN -DLINUX -DARCH='\''"amd64"'\'' -Damd64 -DNDEBUG -DRELEASE='\''"$(RELEASE)"'\''       -I/home/cgmin/20210420/jdk8u/build/linux-x86_64-normal-server-release/jdk/include       -I/home/cgmin/20210420/jdk8u/build/linux-x86_64-normal-server-release/jdk/include/linux       -I/home/cgmin/20210420/jdk8u/jdk/src/share/javavm/export       -I/home/cgmin/20210420/jdk8u/jdk/src/solaris/javavm/export       -I/home/cgmin/20210420/jdk8u/jdk/src/share/native/common       -I/home/cgmin/20210420/jdk8u/jdk/src/solaris/native/common   -fno-strict-aliasing -fPIC '
CHECK_GMAKE=''
CHECK_MAKE='/usr/local/bin/make'
CHECK_TOOLSDIR_GMAKE=''
CHECK_TOOLSDIR_MAKE=''
CHMOD='/bin/chmod'
CMP='/usr/bin/cmp'
CODESIGN=''
COMM='/usr/bin/comm'
COMPANY_NAME='N/A'
COMPILER_SUPPORTS_TARGET_BITS_FLAG='true'
COMPILER_TARGET_BITS_FLAG='-m'
COMPILE_TYPE='native'
COMPRESS_JARS='false'
CONFIGURE_COMMAND_LINE=''
CONF_NAME='linux-x86_64-normal-server-release'
COOKED_BUILD_NUMBER='0'
COOKED_JDK_UPDATE_VERSION='0'
COPYRIGHT_YEAR='2021'
CORBA_TOPDIR='/home/cgmin/20210420/jdk8u/corba'
CP='/bin/cp'
CPIO='/bin/cpio'
CPP='/usr/local/bin/gcc -E'
CPPFLAGS=''
CUPS_CFLAGS=''
CUSTOM_MAKE_DIR=''
CUT='/usr/bin/cut'
CXX='/usr/local/bin/g++'
CXXCPP='/usr/local/bin/g++ -E'
CXXFLAGS=' -I/usr/include/freetype2'
CXXFLAGS_DEBUG_SYMBOLS='-g'
CXXFLAGS_JDKEXE='  -Wall -Wno-parentheses -Wextra -Wno-unused -Wno-unused-parameter -Wformat=2         -pipe -fstack-protector -D_GNU_SOURCE -D_REENTRANT -D_LARGEFILE64_SOURCE -fno-omit-frame-pointer -D_LP64=1 -D_LITTLE_ENDIAN -DLINUX -DARCH='\''"amd64"'\'' -Damd64 -DNDEBUG -DRELEASE='\''"$(RELEASE)"'\''       -I/home/cgmin/20210420/jdk8u/build/linux-x86_64-normal-server-release/jdk/include       -I/home/cgmin/20210420/jdk8u/build/linux-x86_64-normal-server-release/jdk/include/linux       -I/home/cgmin/20210420/jdk8u/jdk/src/share/javavm/export       -I/home/cgmin/20210420/jdk8u/jdk/src/solaris/javavm/export       -I/home/cgmin/20210420/jdk8u/jdk/src/share/native/common       -I/home/cgmin/20210420/jdk8u/jdk/src/solaris/native/common  -std=gnu++98  -fPIE'
CXXFLAGS_JDKLIB='  -Wall -Wno-parentheses -Wextra -Wno-unused -Wno-unused-parameter -Wformat=2         -pipe -fstack-protector -D_GNU_SOURCE -D_REENTRANT -D_LARGEFILE64_SOURCE -fno-omit-frame-pointer -D_LP64=1 -D_LITTLE_ENDIAN -DLINUX -DARCH='\''"amd64"'\'' -Damd64 -DNDEBUG -DRELEASE='\''"$(RELEASE)"'\''       -I/home/cgmin/20210420/jdk8u/build/linux-x86_64-normal-server-release/jdk/include       -I/home/cgmin/20210420/jdk8u/build/linux-x86_64-normal-server-release/jdk/include/linux       -I/home/cgmin/20210420/jdk8u/jdk/src/share/javavm/export       -I/home/cgmin/20210420/jdk8u/jdk/src/solaris/javavm/export       -I/home/cgmin/20210420/jdk8u/jdk/src/share/native/common       -I/home/cgmin/20210420/jdk8u/jdk/src/solaris/native/common  -std=gnu++98  -fPIC  '
CXXSTD_CXXFLAG='-std=gnu++98'
CXX_FLAG_DEPS='-MMD -MF'
CXX_FLAG_REORDER=''
CXX_O_FLAG_HI='-O3'
CXX_O_FLAG_HIGHEST='-O3'
CXX_O_FLAG_NONE='-O0'
CXX_O_FLAG_NORM='-O2'
CXX_VERSION_NUMBER='5.5.0'
CYGPATH=''
CYGWIN_LINK=''
C_FLAG_DEPS='-MMD -MF'
C_FLAG_REORDER=''
C_O_FLAG_HI='-O3'
C_O_FLAG_HIGHEST='-O3'
C_O_FLAG_NONE='-O0'
C_O_FLAG_NORM='-O2'
DATE='/bin/date'
DATE_WHEN_CONFIGURED='Tue Apr 20 16:45:16 KST 2021'
DEBUG_BINARIES=''
DEBUG_CLASSFILES='false'
DEBUG_LEVEL='release'
DEFINE_CROSS_COMPILE_ARCH=''
DEFS='-DHAVE_CONFIG_H'
DEVKIT_LIB_DIR=''
DF='/bin/df'
DIFF='/usr/bin/diff'
DIRNAME='/usr/bin/dirname'
DSYMUTIL=''
DUMPBIN=''
ECHO='/bin/echo'
ECHO_C=''
ECHO_N='-n'
ECHO_T=''
EGREP='/bin/grep -E'
ENABLE_DEBUG_SYMBOLS='true'
ENABLE_INTREE_EC='yes'
ENABLE_JFR='true'
ENABLE_SJAVAC='no'
EXEEXT=''
EXE_OUT_OPTION='-o$(SPACE)'
EXE_SUFFIX=''
EXPR='/usr/bin/expr'
FASTDEBUG='false'
FDLIBM_CFLAGS='-ffp-contract=off'
FGREP='/bin/grep -F'
FILE='/usr/bin/file'
FIND='/usr/bin/find'
FIND_DELETE='-delete'
FIXPATH=''
FONTCONFIG_CFLAGS=''
FREETYPE_BUNDLE_LIB_PATH=''
FREETYPE_CFLAGS='-I/usr/include/freetype2'
FREETYPE_LIBS='-lfreetype'
GNM='/usr/bin/nm'
GREP='/bin/grep'
HEAD='/usr/bin/head'
HG='/usr/bin/hg'
HOTSPOT_CXX='/usr/local/bin/g++'
HOTSPOT_DIST='/home/cgmin/20210420/jdk8u/build/linux-x86_64-normal-server-release/hotspot/dist'
HOTSPOT_LD='/usr/local/bin/gcc'
HOTSPOT_MAKE_ARGS='product  docs export_product'
HOTSPOT_MT=''
HOTSPOT_RC=''
HOTSPOT_TOPDIR='/home/cgmin/20210420/jdk8u/hotspot'
INCLUDE_SA='true'
IS_GNU_TIME='yes'
JAVAC_CHECK='/usr/bin/javac'
JAVAC_FLAGS=''
JAVA_CHECK='/usr/bin/java'
JAVA_FLAGS=' '
JAVA_FLAGS_BIG=' -Xms64M -Xmx1600M -XX:ThreadStackSize=1536'
JAVA_FLAGS_SMALL=' -XX:+UseSerialGC -Xms32M -Xmx512M'
JAXP_TOPDIR='/home/cgmin/20210420/jdk8u/jaxp'
JAXWS_TOPDIR='/home/cgmin/20210420/jdk8u/jaxws'
JDK_BUILD_NUMBER='b00'
JDK_MAJOR_VERSION='1'
JDK_MICRO_VERSION='0'
JDK_MINOR_VERSION='8'
JDK_RC_PLATFORM_NAME='Platform'
JDK_TOPDIR='/home/cgmin/20210420/jdk8u/jdk'
JDK_UPDATE_VERSION=''
JDK_VARIANT='normal'
JDK_VERSION='1.8.0'
JOBS='16'
JTREGEXE=''
JT_HOME=''
JVM_INTERPRETER='template'
JVM_VARIANTS=',server,'
JVM_VARIANT_CLIENT='false'
JVM_VARIANT_CORE='false'
JVM_VARIANT_KERNEL='false'
JVM_VARIANT_MINIMAL1='false'
JVM_VARIANT_SERVER='true'
JVM_VARIANT_ZERO='false'
JVM_VARIANT_ZEROSHARK='false'
LANGTOOLS_TOPDIR='/home/cgmin/20210420/jdk8u/langtools'
LAUNCHER_NAME='openjdk'
LD='/usr/local/bin/gcc'
LDCXX='/usr/local/bin/gcc'
LDD='/usr/bin/ldd'
LDEXE='/usr/local/bin/gcc'
LDEXECXX='/usr/local/bin/g++'
LDFLAGS=''
LDFLAGS_CXX_JDK=''
LDFLAGS_JDKEXE=' -Wl,-z,relro  -Xlinker --hash-style=both  -Xlinker -z -Xlinker defs -Xlinker -z -Xlinker noexecstack -Xlinker -O1 -Xlinker --allow-shlib-undefined -pie'
LDFLAGS_JDKEXE_SUFFIX=''
LDFLAGS_JDKLIB=' -Wl,-z,relro  -Xlinker --hash-style=both  -Xlinker -z -Xlinker defs -Xlinker -z -Xlinker noexecstack -Xlinker -O1 -shared         -L/home/cgmin/20210420/jdk8u/build/linux-x86_64-normal-server-release/jdk/lib/amd64 -L/home/cgmin/20210420/jdk8u/build/linux-x86_64-normal-server-release/jdk/lib/amd64/server'
LDFLAGS_JDKLIB_SUFFIX='-ljava -ljvm'
LD_OUT_OPTION='-o$(SPACE)'
LEGACY_EXTRA_ASFLAGS=''
LEGACY_EXTRA_CFLAGS=' -fstack-protector '
LEGACY_EXTRA_CXXFLAGS=' -fstack-protector '
LEGACY_EXTRA_LDFLAGS=' -Wl,-z,relro '
LIBCXX=' -Wl,-Bstatic -lstdc++ -lgcc -Wl,-Bdynamic'
LIBDL='-ldl '
LIBFFI_CFLAGS=''
LIBFFI_LIBS=''
LIBM=''
LIBOBJS=''
LIBRARY_PREFIX='lib'
LIBS='-lm -ljpeg '
LIBZIP_CAN_USE_MMAP='true'
LIPO=''
LLVM_CFLAGS=''
LLVM_CONFIG=''
LLVM_LDFLAGS=''
LLVM_LIBS=''
LN='/bin/ln'
LP64='LP64:='
LS='/bin/ls'
LTLIBOBJS=''
MACOSX_BUNDLE_ID_BASE='net.java.openjdk'
MACOSX_BUNDLE_NAME_BASE='OpenJDK'
MACOSX_UNIVERSAL=''
MACOSX_VERSION_MIN=''
MAKE='/usr/local/bin/make'
MCS=''
MEMORY_SIZE='128832'
MILESTONE='internal'
MKDIR='/bin/mkdir'
MKTEMP='/bin/mktemp'
MSBUILD=''
MSVCP_DLL=''
MSVCR_DLL=''
MT=''
MV='/bin/mv'
NASHORN_TOPDIR='/home/cgmin/20210420/jdk8u/nashorn'
NAWK='/usr/bin/nawk'
NM='/usr/bin/nm'
NO_DELETE_NULL_POINTER_CHECKS_CFLAG=''
NO_LIFETIME_DSE_CFLAG=''
NUM_CORES='32'
OBJC=''
OBJCFLAGS=''
OBJCOPY='/usr/bin/objcopy'
OBJDUMP='/usr/bin/objdump'
OBJEXT='o'
OBJ_SUFFIX='.o'
OPENJDK_BUILD_AUTOCONF_NAME='x86_64-unknown-linux-gnu'
OPENJDK_BUILD_CPU='x86_64'
OPENJDK_BUILD_CPU_ARCH='x86'
OPENJDK_BUILD_CPU_BITS='64'
OPENJDK_BUILD_CPU_ENDIAN='little'
OPENJDK_BUILD_OS='linux'
OPENJDK_BUILD_OS_API='posix'
OPENJDK_BUILD_OS_ENV='linux'
OPENJDK_TARGET_AUTOCONF_NAME='x86_64-unknown-linux-gnu'
OPENJDK_TARGET_CPU='x86_64'
OPENJDK_TARGET_CPU_ARCH='x86'
OPENJDK_TARGET_CPU_BITS='64'
OPENJDK_TARGET_CPU_ENDIAN='little'
OPENJDK_TARGET_CPU_ISADIR=''
OPENJDK_TARGET_CPU_JLI_CFLAGS='-DLIBARCHNAME='\''"amd64"'\'''
OPENJDK_TARGET_CPU_LEGACY='amd64'
OPENJDK_TARGET_CPU_LEGACY_LIB='amd64'
OPENJDK_TARGET_CPU_LIBDIR='/amd64'
OPENJDK_TARGET_CPU_OSARCH='amd64'
OPENJDK_TARGET_OS='linux'
OPENJDK_TARGET_OS_API='posix'
OPENJDK_TARGET_OS_API_DIR='solaris'
OPENJDK_TARGET_OS_ENV='linux'
OPENJDK_TARGET_OS_EXPORT_DIR='solaris'
OS_VERSION_MAJOR='4'
OS_VERSION_MICRO='0'
OS_VERSION_MINOR='4'
OTOOL='true'
OUTPUT_ROOT='/home/cgmin/20210420/jdk8u/build/linux-x86_64-normal-server-release'
OVERRIDE_SRC_ROOT=''
PACKAGE_BUGREPORT='build-dev@openjdk.java.net'
PACKAGE_NAME='OpenJDK'
PACKAGE_PATH='/opt/local'
PACKAGE_STRING='OpenJDK jdk8'
PACKAGE_TARNAME='openjdk'
PACKAGE_URL='http://openjdk.java.net'
PACKAGE_VERSION='jdk8'
PATH_SEP=':'
PATH_SEPARATOR=':'
PKGHANDLER='apt-get'
PKG_CONFIG='/usr/bin/pkg-config'
POST_MCS_CMD=''
POST_STRIP_CMD='/usr/bin/strip -g'
POTENTIAL_CC='/usr/local/bin/gcc'
POTENTIAL_CXX='/usr/local/bin/g++'
PRINTF='/usr/bin/printf'
PRODUCT_NAME='OpenJDK'
PRODUCT_SUFFIX='Runtime Environment'
PROPER_COMPILER_CC=''
PROPER_COMPILER_CXX=''
RC=''
RC_FLAGS=''
READELF='/usr/bin/readelf'
READLINK='/bin/readlink'
REQUIRED_OS_NAME='Linux'
REQUIRED_OS_VERSION='2.6'
RM='/bin/rm -f'
SALIB_NAME='libsaproc.so'
SDKPATH=''
SED='/bin/sed'
SETFILE=''
SET_DEVELOPER_DIR=''
SET_EXECUTABLE_ORIGIN='-Xlinker -rpath -Xlinker \$$$$ORIGIN$1'
SET_OPENJDK='OPENJDK=true'
SET_SHARED_LIBRARY_MAPFILE='-Xlinker -version-script=$1'
SET_SHARED_LIBRARY_NAME='-Xlinker -soname=$1'
SET_SHARED_LIBRARY_ORIGIN='-Xlinker -z -Xlinker origin -Xlinker -rpath -Xlinker \$$$$ORIGIN$1'
SH='/bin/sh'
SHARED_LIBRARY='lib$1.so'
SHARED_LIBRARY_FLAGS='-shared'
SHARED_LIBRARY_SUFFIX='.so'
SHELL='/bin/bash'
SJAVAC_SERVER_DIR=''
SJAVAC_SERVER_JAVA='/usr/lib/jvm/java-8-openjdk-amd64/bin/java  -verbosegc -d64 -Xms10G -Xmx10G'
SORT='/usr/bin/sort'
SPEC='/home/cgmin/20210420/jdk8u/build/linux-x86_64-normal-server-release/spec.gmk'
STAT='/usr/bin/stat'
STATIC_CXX_SETTING='STATIC_CXX=true'
STATIC_LIBRARY='lib$1.a'
STATIC_LIBRARY_SUFFIX='.a'
STRIP='/usr/bin/strip'
STRIP_POLICY='min_strip'
SUPPORT_HEADFUL='yes'
SUPPORT_HEADLESS='yes'
SYSROOT_CFLAGS=''
SYSROOT_LDFLAGS=''
TAIL='/usr/bin/tail'
TAR='/bin/tar'
TEE='/usr/bin/tee'
TEST_IN_BUILD='false'
TIME='/usr/bin/time'
TOOLCHAIN_PATH_CC=''
TOOLCHAIN_PATH_CXX=''
TOOLCHAIN_TYPE='gcc'
TOPDIR='/home/cgmin/20210420/jdk8u'
TOUCH='/usr/bin/touch'
TR='/usr/bin/tr'
UCRT_DLL_DIR=''
UNAME='/bin/uname'
UNIQ='/usr/bin/uniq'
UNLIMITED_CRYPTO='false'
UNZIP='/usr/bin/unzip'
USER_RELEASE_SUFFIX='root_2021_04_20_16_45'
USE_CLANG=''
USE_EXTERNAL_LIBGIF='false'
USE_EXTERNAL_LIBJPEG='true'
USE_EXTERNAL_LIBZ='false'
USE_PRECOMPILED_HEADER='1'
USING_BROKEN_SUSE_LD='no'
VARIANT='OPT'
VENDOR_URL=''
VENDOR_URL_BUG=''
VENDOR_URL_VM_BUG=''
VS_INCLUDE=''
VS_LIB=''
VS_PATH=''
WC='/usr/bin/wc'
WHICH='/usr/bin/which'
XARGS='/usr/bin/xargs'
XATTR=''
XCODEBUILD=''
XMKMF=''
X_CFLAGS=''
X_EXTRA_LIBS=''
X_LIBS=''
X_PRE_LIBS=' -lSM -lICE'
ZERO_ARCHDEF='AMD64'
ZERO_ARCHFLAG='-m64'
ZIP='/usr/bin/zip'
ZIP_DEBUGINFO_FILES='true'
ac_ct_AR='ar'
ac_ct_CC=''
ac_ct_CXX=''
ac_ct_NM='nm'
ac_ct_OBJC=''
ac_ct_OBJCOPY='objcopy'
ac_ct_OBJDUMP='objdump'
ac_ct_PROPER_COMPILER_CC=''
ac_ct_PROPER_COMPILER_CXX=''
ac_ct_STRIP='strip'
bindir='${exec_prefix}/bin'
build='x86_64-unknown-linux-gnu'
build_alias=''
build_cpu='x86_64'
build_os='linux-gnu'
build_vendor='unknown'
datadir='${datarootdir}'
datarootdir='${prefix}/share'
docdir='${datarootdir}/doc/${PACKAGE_TARNAME}'
dvidir='${docdir}'
exec_prefix='${prefix}'
host='x86_64-unknown-linux-gnu'
host_alias=''
host_cpu='x86_64'
host_os='linux-gnu'
host_vendor='unknown'
htmldir='${docdir}'
includedir='${prefix}/include'
infodir='${datarootdir}/info'
libdir='${exec_prefix}/lib'
libexecdir='${exec_prefix}/libexec'
localedir='${datarootdir}/locale'
localstatedir='${prefix}/var'
mandir='${datarootdir}/man'
oldincludedir='/usr/include'
pdfdir='${docdir}'
prefix='/usr/local'
program_transform_name='s,x,x,'
psdir='${docdir}'
runstatedir='${localstatedir}/run'
sbindir='${exec_prefix}/sbin'
sharedstatedir='${prefix}/com'
sysconfdir='${prefix}/etc'
target='x86_64-unknown-linux-gnu'
target_alias=''
target_cpu='x86_64'
target_os='linux-gnu'
target_vendor='unknown'

## ----------- ##
## confdefs.h. ##
## ----------- ##

/* confdefs.h */
#define PACKAGE_NAME "OpenJDK"
#define PACKAGE_TARNAME "openjdk"
#define PACKAGE_VERSION "jdk8"
#define PACKAGE_STRING "OpenJDK jdk8"
#define PACKAGE_BUGREPORT "build-dev@openjdk.java.net"
#define PACKAGE_URL "http://openjdk.java.net"
#define STDC_HEADERS 1
#define HAVE_SYS_TYPES_H 1
#define HAVE_SYS_STAT_H 1
#define HAVE_STDLIB_H 1
#define HAVE_STRING_H 1
#define HAVE_MEMORY_H 1
#define HAVE_STRINGS_H 1
#define HAVE_INTTYPES_H 1
#define HAVE_STDINT_H 1
#define HAVE_UNISTD_H 1
#define HAVE_STDIO_H 1
#define SIZEOF_INT_P 8
#define HAVE_X11_EXTENSIONS_SHAPE_H 1
#define HAVE_X11_EXTENSIONS_XRENDER_H 1
#define HAVE_X11_EXTENSIONS_XTEST_H 1
#define HAVE_X11_INTRINSIC_H 1
#define HAVE_CUPS_CUPS_H 1
#define HAVE_CUPS_PPD_H 1
#define HAVE_FONTCONFIG_FONTCONFIG_H 1
#define HAVE_LIBJPEG 1
#define HAVE_LIBM 1
#define HAVE_LIBDL 1

configure: exit 0
